Using pre-set license
Built from '2020.3/staging' branch; Version is '2020.3.11f1 (99c7afb366b3) revision 10078127'; Using compiler version '192528614'; Build Type 'Release'
OS: 'Windows 10 Pro; OS build 19042.985; Version 2009; 64bit' Language: 'nl' Physical Memory: 32574 MB
BatchMode: 1, IsHumanControllingUs: 0, StartBugReporterOnCrash: 0, Is64bit: 1, IsPro: 0

 COMMAND LINE ARGUMENTS:
C:\Program Files\Unity\2020.3.11f1\Editor\Unity.exe
-adb2
-batchMode
-noUpm
-name
AssetImportWorker0
-projectPath
E:/repositories/3d.utrecht.nl/3DNetherlands
-logFile
Logs/AssetImportWorker0.log
-srvPort
63034
Successfully changed project path to: E:/repositories/3d.utrecht.nl/3DNetherlands
E:/repositories/3d.utrecht.nl/3DNetherlands
Using Asset Import Pipeline V2.
Refreshing native plugins compatible for Editor in 121.59 ms, found 2 plugins.
Preloading 0 native plugins for Editor in 0.00 ms.
Initialize engine version: 2020.3.11f1 (99c7afb366b3)
[Subsystems] Discovering subsystems at path C:/Program Files/Unity/2020.3.11f1/Editor/Data/Resources/UnitySubsystems
[Subsystems] Discovering subsystems at path E:/repositories/3d.utrecht.nl/3DNetherlands/Assets
GfxDevice: creating device client; threaded=0
Direct3D:
    Version:  Direct3D 11.0 [level 11.1]
    Renderer: NVIDIA Quadro P3200 (ID=0x1bbb)
    Vendor:   
    VRAM:     6043 MB
    Driver:   27.21.14.5296
Shader 'Universal Render Pipeline/Particles/Lit': fallback shader 'Universal Render Pipeline/Particles/SimpleLit' not found
Initialize mono
Mono path[0] = 'C:/Program Files/Unity/2020.3.11f1/Editor/Data/Managed'
Mono path[1] = 'C:/Program Files/Unity/2020.3.11f1/Editor/Data/MonoBleedingEdge/lib/mono/unityjit'
Mono config path = 'C:/Program Files/Unity/2020.3.11f1/Editor/Data/MonoBleedingEdge/etc'
Using monoOptions --debugger-agent=transport=dt_socket,embedding=1,server=y,suspend=n,address=127.0.0.1:56808
Begin MonoManager ReloadAssembly
Registering precompiled unity dll's ...
Register platform support module: C:/Program Files/Unity/2020.3.11f1/Editor/Data/PlaybackEngines/WebGLSupport/UnityEditor.WebGL.Extensions.dll
Register platform support module: C:/Program Files/Unity/2020.3.11f1/Editor/Data/PlaybackEngines/WindowsStandaloneSupport/UnityEditor.WindowsStandalone.Extensions.dll
Registered in 0.003588 seconds.
Native extension for WindowsStandalone target not found
Native extension for WebGL target not found
Refreshing native plugins compatible for Editor in 104.32 ms, found 2 plugins.
Preloading 0 native plugins for Editor in 0.00 ms.
Mono: successfully reloaded assembly
- Completed reload, in  1.821 seconds
Platform modules already initialized, skipping
Registering precompiled user dll's ...
Registered in 0.009815 seconds.
Begin MonoManager ReloadAssembly
Native extension for WindowsStandalone target not found
Native extension for WebGL target not found
Refreshing native plugins compatible for Editor in 105.27 ms, found 2 plugins.
Preloading 0 native plugins for Editor in 0.00 ms.
Mono: successfully reloaded assembly
- Completed reload, in  1.900 seconds
Platform modules already initialized, skipping
========================================================================
Worker process is ready to serve import requests
Shader 'Universal Render Pipeline/Particles/Lit': fallback shader 'Universal Render Pipeline/Particles/SimpleLit' not found
Launched and connected shader compiler UnityShaderCompiler.exe after 0.07 seconds
Refreshing native plugins compatible for Editor in 2.47 ms, found 2 plugins.
Preloading 0 native plugins for Editor in 0.00 ms.
Unloading 4041 Unused Serialized files (Serialized files now loaded: 0)
System memory in use before: 172.7 MB.
System memory in use after: 172.9 MB.

Unloading 76 unused Assets to reduce memory usage. Loaded Objects now: 4441.
Total: 14.253800 ms (FindLiveObjects: 0.985600 ms CreateObjectMapping: 0.748800 ms MarkObjects: 12.295700 ms  DeleteObjects: 0.220900 ms)

========================================================================
Received Import Request.
  path: Assets/3DUtrecht/Config3DUtrecht.asset
  artifactKey: Guid(6e24fd922ddb336418ae39090a2a50b7) Importer(815301076,1909f56bfc062723c751e8b465ee728b)
Start importing Assets/3DUtrecht/Config3DUtrecht.asset using Guid(6e24fd922ddb336418ae39090a2a50b7) Importer(815301076,1909f56bfc062723c751e8b465ee728b)  -> (artifact id: 'd9595b04975c58cfd779a5e07d1da181') in 0.105815 seconds
  Import took 0.120541 seconds .

========================================================================
Received Import Request.
  Time since last request: 0.001249 seconds.
  path: Assets/3DUtrecht/Config3DUtrecht-Development.asset
  artifactKey: Guid(198c0a116f0eabf4bae549381143950f) Importer(815301076,1909f56bfc062723c751e8b465ee728b)
Start importing Assets/3DUtrecht/Config3DUtrecht-Development.asset using Guid(198c0a116f0eabf4bae549381143950f) Importer(815301076,1909f56bfc062723c751e8b465ee728b)  -> (artifact id: 'd31f3b4555449953d45f6bbc3e3c4520') in 0.018598 seconds
  Import took 0.036406 seconds .

AssetImportWorkerClient::OnTransportError - code=2 error=End of file
